C51 COMPILER V9.01   ZAD4                                                                  11/17/2010 13:29:26 PAGE 1   


C51 COMPILER V9.01, COMPILATION OF MODULE ZAD4
OBJECT MODULE PLACED IN zad4.OBJ
COMPILER INVOKED BY: C:\applic\Keil\C51\BIN\C51.EXE zad4.c BROWSE DEBUG OBJECTEXTEND

line level    source

   1          #include <stdio.h>
   2          #include <reg51.h>
   3          
   4          sbit grijalica = P1^3;
   5          
   6          void ispis (unsigned char, unsigned char);
   7          void PisiControl (unsigned char);
   8          void PisiKomandu (unsigned char);
   9          int CitajTemp (void);
  10          
  11          main() {
  12   1              bit bdata kvar=0; 
  13   1              volatile unsigned char xdata *mem; 
  14   1              unsigned char vtest; 
  15   1              int temp;
  16   1      
  17   1              TMOD = 0x20; 
  18   1              TH1 = 0xF4; 
  19   1              TL1 = 0xF4;
  20   1              TR1 = 1;
  21   1              SCON = 0x52; 
  22   1              
  23   1              printf("Zadatak 3 uspjesno napravljen.\n\n");
  24   1      
  25   1              for (mem = 0x0000; mem <= 0x7FFF; mem++) { 
  26   2                      *mem = 0xAA; 
  27   2                      vtest = *mem; 
  28   2                      if (vtest != 0xAA) {
  29   3                              kvar=1;
  30   3                              break; 
  31   3                      }
  32   2              }
  33   1      
  34   1              if (kvar == 0) {
  35   2                      printf("Memorija je ispravna.\n\n");
  36   2              } else {
  37   2                      printf("Memorija nije ispravna.\n\n");
  38   2              }
  39   1      
  40   1              //ispis('l','4');
  41   1              //ispis('d','5');
  42   1      
  43   1              PisiControl(0x02);
  44   1              PisiKomandu(0xEE);
  45   1      
  46   1              TMOD = 0x21;
  47   1              TL0  = 0x00;
  48   1              TH0  = 0x00;
  49   1              PT0  = 0;
  50   1              ET0  = 1;
  51   1              EA   = 1;
  52   1              TR0  = 1;
  53   1      
  54   1              while(1) {              
  55   2                      temp = CitajTemp() / 2;  
C51 COMPILER V9.01   ZAD4                                                                  11/17/2010 13:29:26 PAGE 2   

  56   2                      printf("Izmjerena je temperatura od %d stupnjeva.\n\n",temp);
  57   2                      if(temp < 30) { 
  58   3                              grijalica = 0; 
  59   3                      }
  60   2                      if(temp > 32) { 
  61   3                              grijalica = 1; 
  62   3                      }
  63   2              }
  64   1      }
  65          
  66          void ispis (unsigned char izbor, unsigned char broj) {
  67   1              unsigned char xdata *pok;
  68   1      
  69   1              if (izbor == 'l') { 
  70   2                      pok = 0x8000; 
  71   2              }       
  72   1              else if (izbor == 'd') { 
  73   2                      pok = 0x8001; 
  74   2              } 
  75   1      
  76   1              switch (broj) {                                            
  77   2                      case '0': *pok = 0x77; break;   
  78   2                      case '1': *pok = 0x14; break;
  79   2                      case '2': *pok = 0xB3; break;
  80   2                      case '3': *pok = 0xB6; break;
  81   2                      case '4': *pok = 0xD4; break;
  82   2                      case '5': *pok = 0xE6; break;
  83   2                      case '6': *pok = 0xE7; break;
  84   2                      case '7': *pok = 0x34; break;
  85   2                      case '8': *pok = 0xF7; break;
  86   2                      case '9': *pok = 0xF6;
  87   2              }
  88   1      }


MODULE INFORMATION:   STATIC OVERLAYABLE
   CODE SIZE        =    336    ----
   CONSTANT SIZE    =    127    ----
   XDATA SIZE       =   ----    ----
   PDATA SIZE       =   ----    ----
   DATA SIZE        =   ----       4
   IDATA SIZE       =   ----    ----
   BIT SIZE         =   ----       1
END OF MODULE INFORMATION.


C51 COMPILATION COMPLETE.  0 WARNING(S),  0 ERROR(S)
